<?xml version="1.0" encoding="UTF-8"?>
<!-- Generated by org.testng.reporters.JUnitXMLReporter -->
<testsuite hostname="MJ_ALIENWARE" ignored="0" name="Default test" tests="3" failures="0" timestamp="31 Jan 2020 09:03:31 GMT" time="77.643" errors="0">
  <testcase name="TC001" time="10.353" classname="testCases.BroadbandMapTestCases"/>
  <testcase name="TC001" time="10.31" classname="testCases.BroadbandMapTestCases"/>
  <testcase name="TC001" time="10.405" classname="testCases.BroadbandMapTestCases"/>
</testsuite> <!-- Default test -->
