<?xml version="1.0" encoding="UTF-8"?>
<!-- Generated by org.testng.reporters.JUnitXMLReporter -->
<testsuite ignored="0" hostname="NZAKLLP40" failures="0" tests="3" name="Default test" time="55.028" errors="0" timestamp="31 Jan 2020 02:49:43 GMT">
  <testcase classname="testCases.BroadbandMapTestCases" name="TC001" time="10.426"/>
  <testcase classname="testCases.BroadbandMapTestCases" name="TC001" time="10.427"/>
  <testcase classname="testCases.BroadbandMapTestCases" name="TC001" time="10.449"/>
</testsuite> <!-- Default test -->
