<?xml version="1.0" encoding="UTF-8"?>
<!-- Generated by org.testng.reporters.JUnitXMLReporter -->
<testsuite hostname="MJ_ALIENWARE" ignored="0" name="Test" tests="3" failures="0" timestamp="31 Jan 2020 09:17:26 GMT" time="56.7" errors="0">
  <testcase name="TC001" time="10.503" classname="testCases.BroadbandMapTestCases"/>
  <testcase name="TC001" time="10.383" classname="testCases.BroadbandMapTestCases"/>
  <testcase name="TC001" time="10.348" classname="testCases.BroadbandMapTestCases"/>
</testsuite> <!-- Test -->
