<?xml version="1.0" encoding="UTF-8"?>
<!-- Generated by org.testng.reporters.JUnitXMLReporter -->
<testsuite ignored="0" hostname="NZAKLLP40" failures="0" tests="3" name="Test" time="61.668" errors="0" timestamp="31 Jan 2020 04:03:21 GMT">
  <testcase classname="testCases.BroadbandMapTestCases" name="TC001" time="10.524"/>
  <testcase classname="testCases.BroadbandMapTestCases" name="TC001" time="10.705"/>
  <testcase classname="testCases.BroadbandMapTestCases" name="TC001" time="10.978"/>
</testsuite> <!-- Test -->
