<?xml version="1.0" encoding="UTF-8"?>
<!-- Generated by org.testng.reporters.JUnitXMLReporter -->
<testsuite hostname="MJ_ALIENWARE" ignored="0" name="Test" tests="3" failures="0" timestamp="31 Jan 2020 10:39:10 GMT" time="65.657" errors="0">
  <testcase name="TC001_CheckServiceAvailability" time="15.323" classname="testCases.BroadbandMapTestCases"/>
  <testcase name="TC001_CheckServiceAvailability" time="10.377" classname="testCases.BroadbandMapTestCases"/>
  <testcase name="TC001_CheckServiceAvailability" time="10.367" classname="testCases.BroadbandMapTestCases"/>
</testsuite> <!-- Test -->
