<?xml version="1.0" encoding="UTF-8"?>
<testng-results skipped="0" failed="0" ignored="0" total="3" passed="3">
  <reporter-output>
  </reporter-output>
  <suite name="Suite" duration-ms="65657" started-at="2020-01-31T10:38:05Z" finished-at="2020-01-31T10:39:10Z">
    <groups>
    </groups>
    <test name="Test" duration-ms="65657" started-at="2020-01-31T10:38:05Z" finished-at="2020-01-31T10:39:10Z">
      <class name="testCases.BroadbandMapTestCases">
        <test-method status="PASS" signature="startTest(java.lang.String, java.lang.String)[pri:0, instance:testCases.BroadbandMapTestCases@2d554825]" name="startTest" is-config="true" duration-ms="7959" started-at="2020-01-31T10:38:05Z" finished-at="2020-01-31T10:38:13Z">
          <params>
            <param index="0">
              <value>
                <![CDATA[chrome]]>
              </value>
            </param>
            <param index="1">
              <value>
                <![CDATA[https://www.chorus.co.nz/broadband-map]]>
              </value>
            </param>
          </params>
          <reporter-output>
          </reporter-output>
        </test-method> <!-- startTest -->
        <test-method status="PASS" signature="TC001_CheckServiceAvailability(java.lang.String, java.lang.String)[pri:0, instance:testCases.BroadbandMapTestCases@2d554825]" name="TC001_CheckServiceAvailability" duration-ms="15323" started-at="2020-01-31T10:38:13Z" data-provider="broadbandMapAddress" finished-at="2020-01-31T10:38:28Z">
          <params>
            <param index="0">
              <value>
                <![CDATA[1 Arthur Street, Ellerslie]]>
              </value>
            </param>
            <param index="1">
              <value>
                <![CDATA[Network capability now
UFB fibre up to 1 Gbps
Broadband > 20 Mbps (with the right modem and plan)
Broadband > 10 Mbps]]>
              </value>
            </param>
          </params>
          <reporter-output>
          </reporter-output>
        </test-method> <!-- TC001_CheckServiceAvailability -->
        <test-method status="PASS" signature="endTest()[pri:0, instance:testCases.BroadbandMapTestCases@2d554825]" name="endTest" is-config="true" duration-ms="597" started-at="2020-01-31T10:38:28Z" finished-at="2020-01-31T10:38:29Z">
          <reporter-output>
          </reporter-output>
        </test-method> <!-- endTest -->
        <test-method status="PASS" signature="startTest(java.lang.String, java.lang.String)[pri:0, instance:testCases.BroadbandMapTestCases@2d554825]" name="startTest" is-config="true" duration-ms="11823" started-at="2020-01-31T10:38:29Z" finished-at="2020-01-31T10:38:41Z">
          <params>
            <param index="0">
              <value>
                <![CDATA[chrome]]>
              </value>
            </param>
            <param index="1">
              <value>
                <![CDATA[https://www.chorus.co.nz/broadband-map]]>
              </value>
            </param>
          </params>
          <reporter-output>
          </reporter-output>
        </test-method> <!-- startTest -->
        <test-method status="PASS" signature="TC001_CheckServiceAvailability(java.lang.String, java.lang.String)[pri:0, instance:testCases.BroadbandMapTestCases@2d554825]" name="TC001_CheckServiceAvailability" duration-ms="10377" started-at="2020-01-31T10:38:41Z" data-provider="broadbandMapAddress" finished-at="2020-01-31T10:38:51Z">
          <params>
            <param index="0">
              <value>
                <![CDATA[4 Old Balfour Road]]>
              </value>
            </param>
            <param index="1">
              <value>
                <![CDATA[Network capability now
Broadband > 5 Mbps]]>
              </value>
            </param>
          </params>
          <reporter-output>
          </reporter-output>
        </test-method> <!-- TC001_CheckServiceAvailability -->
        <test-method status="PASS" signature="endTest()[pri:0, instance:testCases.BroadbandMapTestCases@2d554825]" name="endTest" is-config="true" duration-ms="604" started-at="2020-01-31T10:38:51Z" finished-at="2020-01-31T10:38:51Z">
          <reporter-output>
          </reporter-output>
        </test-method> <!-- endTest -->
        <test-method status="PASS" signature="startTest(java.lang.String, java.lang.String)[pri:0, instance:testCases.BroadbandMapTestCases@2d554825]" name="startTest" is-config="true" duration-ms="6445" started-at="2020-01-31T10:38:51Z" finished-at="2020-01-31T10:38:58Z">
          <params>
            <param index="0">
              <value>
                <![CDATA[chrome]]>
              </value>
            </param>
            <param index="1">
              <value>
                <![CDATA[https://www.chorus.co.nz/broadband-map]]>
              </value>
            </param>
          </params>
          <reporter-output>
          </reporter-output>
        </test-method> <!-- startTest -->
        <test-method status="PASS" signature="TC001_CheckServiceAvailability(java.lang.String, java.lang.String)[pri:0, instance:testCases.BroadbandMapTestCases@2d554825]" name="TC001_CheckServiceAvailability" duration-ms="10367" started-at="2020-01-31T10:38:58Z" data-provider="broadbandMapAddress" finished-at="2020-01-31T10:39:08Z">
          <params>
            <param index="0">
              <value>
                <![CDATA[1 Wilmot Pass Road]]>
              </value>
            </param>
            <param index="1">
              <value>
                <![CDATA[Outside planned coverage area]]>
              </value>
            </param>
          </params>
          <reporter-output>
          </reporter-output>
        </test-method> <!-- TC001_CheckServiceAvailability -->
        <test-method status="PASS" signature="endTest()[pri:0, instance:testCases.BroadbandMapTestCases@2d554825]" name="endTest" is-config="true" duration-ms="2132" started-at="2020-01-31T10:39:08Z" finished-at="2020-01-31T10:39:10Z">
          <reporter-output>
          </reporter-output>
        </test-method> <!-- endTest -->
      </class> <!-- testCases.BroadbandMapTestCases -->
    </test> <!-- Test -->
  </suite> <!-- Suite -->
</testng-results>
