<?xml version="1.0" encoding="UTF-8"?>
<testsuite xmlns:xsi="http://www.w3.org/2001/XMLSchema-instance" xsi:noNamespaceSchemaLocation="https://maven.apache.org/surefire/maven-surefire-plugin/xsd/surefire-test-report-3.0.xsd" version="3.0" name="TestSuite" time="66.019" tests="3" errors="0" skipped="0" failures="0">
  <properties>
[...]
</properties>
  <testcase name="TC001_CheckServiceAvailability" classname="testCases.BroadbandMapTestCases" time="15.323"/>
  <testcase name="TC001_CheckServiceAvailability" classname="testCases.BroadbandMapTestCases" time="10.376"/>
  <testcase name="TC001_CheckServiceAvailability" classname="testCases.BroadbandMapTestCases" time="10.368"/>
</testsuite>