<?xml version="1.0" encoding="UTF-8"?>
<testng-results ignored="0" total="3" passed="3" failed="0" skipped="0">
  <reporter-output>
  </reporter-output>
  <suite started-at="2020-01-31T04:02:19Z" name="Suite" finished-at="2020-01-31T04:03:21Z" duration-ms="61668">
    <groups>
    </groups>
    <test started-at="2020-01-31T04:02:19Z" name="Test" finished-at="2020-01-31T04:03:21Z" duration-ms="61668">
      <class name="testCases.BroadbandMapTestCases">
        <test-method is-config="true" signature="startTest(java.lang.String, java.lang.String)[pri:0, instance:testCases.BroadbandMapTestCases@57af006c]" started-at="2020-01-31T04:02:19Z" name="startTest" finished-at="2020-01-31T04:02:29Z" duration-ms="10465" status="PASS">
          <params>
            <param index="0">
              <value>
                <![CDATA[chrome]]>
              </value>
            </param>
            <param index="1">
              <value>
                <![CDATA[https://www.chorus.co.nz/broadband-map]]>
              </value>
            </param>
          </params>
          <reporter-output>
          </reporter-output>
        </test-method> <!-- startTest -->
        <test-method signature="TC001(java.lang.String, java.lang.String)[pri:0, instance:testCases.BroadbandMapTestCases@57af006c]" started-at="2020-01-31T04:02:29Z" name="TC001" data-provider="broadbandMapAddress" finished-at="2020-01-31T04:02:40Z" duration-ms="10524" status="PASS">
          <params>
            <param index="0">
              <value>
                <![CDATA[1 Arthur Street, Ellerslie]]>
              </value>
            </param>
            <param index="1">
              <value>
                <![CDATA[Network capability now
UFB fibre up to 1 Gbps
Broadband > 20 Mbps (with the right modem and plan)
Broadband > 10 Mbps]]>
              </value>
            </param>
          </params>
          <reporter-output>
          </reporter-output>
        </test-method> <!-- TC001 -->
        <test-method is-config="true" signature="endTest()[pri:0, instance:testCases.BroadbandMapTestCases@57af006c]" started-at="2020-01-31T04:02:40Z" name="endTest" finished-at="2020-01-31T04:02:40Z" duration-ms="0" status="PASS">
          <reporter-output>
          </reporter-output>
        </test-method> <!-- endTest -->
        <test-method is-config="true" signature="startTest(java.lang.String, java.lang.String)[pri:0, instance:testCases.BroadbandMapTestCases@57af006c]" started-at="2020-01-31T04:02:40Z" name="startTest" finished-at="2020-01-31T04:02:49Z" duration-ms="9178" status="PASS">
          <params>
            <param index="0">
              <value>
                <![CDATA[chrome]]>
              </value>
            </param>
            <param index="1">
              <value>
                <![CDATA[https://www.chorus.co.nz/broadband-map]]>
              </value>
            </param>
          </params>
          <reporter-output>
          </reporter-output>
        </test-method> <!-- startTest -->
        <test-method signature="TC001(java.lang.String, java.lang.String)[pri:0, instance:testCases.BroadbandMapTestCases@57af006c]" started-at="2020-01-31T04:02:49Z" name="TC001" data-provider="broadbandMapAddress" finished-at="2020-01-31T04:03:00Z" duration-ms="10705" status="PASS">
          <params>
            <param index="0">
              <value>
                <![CDATA[4 Old Balfour Road]]>
              </value>
            </param>
            <param index="1">
              <value>
                <![CDATA[Network capability now
Broadband > 5 Mbps]]>
              </value>
            </param>
          </params>
          <reporter-output>
          </reporter-output>
        </test-method> <!-- TC001 -->
        <test-method is-config="true" signature="endTest()[pri:0, instance:testCases.BroadbandMapTestCases@57af006c]" started-at="2020-01-31T04:03:00Z" name="endTest" finished-at="2020-01-31T04:03:00Z" duration-ms="1" status="PASS">
          <reporter-output>
          </reporter-output>
        </test-method> <!-- endTest -->
        <test-method is-config="true" signature="startTest(java.lang.String, java.lang.String)[pri:0, instance:testCases.BroadbandMapTestCases@57af006c]" started-at="2020-01-31T04:03:00Z" name="startTest" finished-at="2020-01-31T04:03:10Z" duration-ms="9778" status="PASS">
          <params>
            <param index="0">
              <value>
                <![CDATA[chrome]]>
              </value>
            </param>
            <param index="1">
              <value>
                <![CDATA[https://www.chorus.co.nz/broadband-map]]>
              </value>
            </param>
          </params>
          <reporter-output>
          </reporter-output>
        </test-method> <!-- startTest -->
        <test-method signature="TC001(java.lang.String, java.lang.String)[pri:0, instance:testCases.BroadbandMapTestCases@57af006c]" started-at="2020-01-31T04:03:10Z" name="TC001" data-provider="broadbandMapAddress" finished-at="2020-01-31T04:03:21Z" duration-ms="10978" status="PASS">
          <params>
            <param index="0">
              <value>
                <![CDATA[1 Wilmot Pass Road]]>
              </value>
            </param>
            <param index="1">
              <value>
                <![CDATA[Outside planned coverage area]]>
              </value>
            </param>
          </params>
          <reporter-output>
          </reporter-output>
        </test-method> <!-- TC001 -->
        <test-method is-config="true" signature="endTest()[pri:0, instance:testCases.BroadbandMapTestCases@57af006c]" started-at="2020-01-31T04:03:21Z" name="endTest" finished-at="2020-01-31T04:03:21Z" duration-ms="1" status="PASS">
          <reporter-output>
          </reporter-output>
        </test-method> <!-- endTest -->
      </class> <!-- testCases.BroadbandMapTestCases -->
    </test> <!-- Test -->
  </suite> <!-- Suite -->
</testng-results>
