<?xml version="1.0" encoding="UTF-8"?>
<testng-results ignored="0" total="3" passed="3" failed="0" skipped="0">
  <reporter-output>
  </reporter-output>
  <suite started-at="2020-01-31T02:48:47Z" name="Default suite" finished-at="2020-01-31T02:49:42Z" duration-ms="55028">
    <groups>
    </groups>
    <test started-at="2020-01-31T02:48:47Z" name="Default test" finished-at="2020-01-31T02:49:42Z" duration-ms="55028">
      <class name="testCases.BroadbandMapTestCases">
        <test-method is-config="true" signature="startTest(java.lang.String, java.lang.String)[pri:0, instance:testCases.BroadbandMapTestCases@5ad851c9]" started-at="2020-01-31T02:48:47Z" name="startTest" finished-at="2020-01-31T02:48:56Z" duration-ms="8604" status="PASS">
          <params>
            <param index="0">
              <value>
                <![CDATA[chrome]]>
              </value>
            </param>
            <param index="1">
              <value>
                <![CDATA[https://www.chorus.co.nz/broadband-map]]>
              </value>
            </param>
          </params>
          <reporter-output>
          </reporter-output>
        </test-method> <!-- startTest -->
        <test-method signature="TC001(java.lang.String, java.lang.String)[pri:0, instance:testCases.BroadbandMapTestCases@5ad851c9]" started-at="2020-01-31T02:48:56Z" name="TC001" data-provider="broadbandMapAddress" finished-at="2020-01-31T02:49:07Z" duration-ms="10426" status="PASS">
          <params>
            <param index="0">
              <value>
                <![CDATA[1 Arthur Street, Ellerslie]]>
              </value>
            </param>
            <param index="1">
              <value>
                <![CDATA[Network capability now
UFB fibre up to 1 Gbps
Broadband > 20 Mbps (with the right modem and plan)
Broadband > 10 Mbps]]>
              </value>
            </param>
          </params>
          <reporter-output>
          </reporter-output>
        </test-method> <!-- TC001 -->
        <test-method is-config="true" signature="endTest()[pri:0, instance:testCases.BroadbandMapTestCases@5ad851c9]" started-at="2020-01-31T02:49:07Z" name="endTest" finished-at="2020-01-31T02:49:07Z" duration-ms="0" status="PASS">
          <reporter-output>
          </reporter-output>
        </test-method> <!-- endTest -->
        <test-method is-config="true" signature="startTest(java.lang.String, java.lang.String)[pri:0, instance:testCases.BroadbandMapTestCases@5ad851c9]" started-at="2020-01-31T02:49:07Z" name="startTest" finished-at="2020-01-31T02:49:14Z" duration-ms="7321" status="PASS">
          <params>
            <param index="0">
              <value>
                <![CDATA[chrome]]>
              </value>
            </param>
            <param index="1">
              <value>
                <![CDATA[https://www.chorus.co.nz/broadband-map]]>
              </value>
            </param>
          </params>
          <reporter-output>
          </reporter-output>
        </test-method> <!-- startTest -->
        <test-method signature="TC001(java.lang.String, java.lang.String)[pri:0, instance:testCases.BroadbandMapTestCases@5ad851c9]" started-at="2020-01-31T02:49:14Z" name="TC001" data-provider="broadbandMapAddress" finished-at="2020-01-31T02:49:24Z" duration-ms="10427" status="PASS">
          <params>
            <param index="0">
              <value>
                <![CDATA[4 Old Balfour Road]]>
              </value>
            </param>
            <param index="1">
              <value>
                <![CDATA[Network capability now
Broadband > 5 Mbps]]>
              </value>
            </param>
          </params>
          <reporter-output>
          </reporter-output>
        </test-method> <!-- TC001 -->
        <test-method is-config="true" signature="endTest()[pri:0, instance:testCases.BroadbandMapTestCases@5ad851c9]" started-at="2020-01-31T02:49:24Z" name="endTest" finished-at="2020-01-31T02:49:24Z" duration-ms="0" status="PASS">
          <reporter-output>
          </reporter-output>
        </test-method> <!-- endTest -->
        <test-method is-config="true" signature="startTest(java.lang.String, java.lang.String)[pri:0, instance:testCases.BroadbandMapTestCases@5ad851c9]" started-at="2020-01-31T02:49:24Z" name="startTest" finished-at="2020-01-31T02:49:32Z" duration-ms="7747" status="PASS">
          <params>
            <param index="0">
              <value>
                <![CDATA[chrome]]>
              </value>
            </param>
            <param index="1">
              <value>
                <![CDATA[https://www.chorus.co.nz/broadband-map]]>
              </value>
            </param>
          </params>
          <reporter-output>
          </reporter-output>
        </test-method> <!-- startTest -->
        <test-method signature="TC001(java.lang.String, java.lang.String)[pri:0, instance:testCases.BroadbandMapTestCases@5ad851c9]" started-at="2020-01-31T02:49:32Z" name="TC001" data-provider="broadbandMapAddress" finished-at="2020-01-31T02:49:42Z" duration-ms="10449" status="PASS">
          <params>
            <param index="0">
              <value>
                <![CDATA[1 Wilmot Pass Road]]>
              </value>
            </param>
            <param index="1">
              <value>
                <![CDATA[Outside planned coverage area]]>
              </value>
            </param>
          </params>
          <reporter-output>
          </reporter-output>
        </test-method> <!-- TC001 -->
        <test-method is-config="true" signature="endTest()[pri:0, instance:testCases.BroadbandMapTestCases@5ad851c9]" started-at="2020-01-31T02:49:42Z" name="endTest" finished-at="2020-01-31T02:49:42Z" duration-ms="0" status="PASS">
          <reporter-output>
          </reporter-output>
        </test-method> <!-- endTest -->
      </class> <!-- testCases.BroadbandMapTestCases -->
    </test> <!-- Default test -->
  </suite> <!-- Default suite -->
</testng-results>
