<?xml version="1.0" encoding="UTF-8"?>
<testng-results skipped="0" failed="0" ignored="0" total="3" passed="3">
  <reporter-output>
  </reporter-output>
  <suite name="Suite" duration-ms="56700" started-at="2020-01-31T09:16:29Z" finished-at="2020-01-31T09:17:26Z">
    <groups>
    </groups>
    <test name="Test" duration-ms="56700" started-at="2020-01-31T09:16:29Z" finished-at="2020-01-31T09:17:26Z">
      <class name="testCases.BroadbandMapTestCases">
        <test-method status="PASS" signature="startTest(java.lang.String, java.lang.String)[pri:0, instance:testCases.BroadbandMapTestCases@59fa1d9b]" name="startTest" is-config="true" duration-ms="6476" started-at="2020-01-31T09:16:29Z" finished-at="2020-01-31T09:16:36Z">
          <params>
            <param index="0">
              <value>
                <![CDATA[chrome]]>
              </value>
            </param>
            <param index="1">
              <value>
                <![CDATA[https://www.chorus.co.nz/broadband-map]]>
              </value>
            </param>
          </params>
          <reporter-output>
          </reporter-output>
        </test-method> <!-- startTest -->
        <test-method status="PASS" signature="TC001(java.lang.String, java.lang.String)[pri:0, instance:testCases.BroadbandMapTestCases@59fa1d9b]" name="TC001" duration-ms="10503" started-at="2020-01-31T09:16:36Z" data-provider="broadbandMapAddress" finished-at="2020-01-31T09:16:46Z">
          <params>
            <param index="0">
              <value>
                <![CDATA[1 Arthur Street, Ellerslie]]>
              </value>
            </param>
            <param index="1">
              <value>
                <![CDATA[Network capability now
UFB fibre up to 1 Gbps
Broadband > 20 Mbps (with the right modem and plan)
Broadband > 10 Mbps]]>
              </value>
            </param>
          </params>
          <reporter-output>
          </reporter-output>
        </test-method> <!-- TC001 -->
        <test-method status="PASS" signature="endTest()[pri:0, instance:testCases.BroadbandMapTestCases@59fa1d9b]" name="endTest" is-config="true" duration-ms="621" started-at="2020-01-31T09:16:46Z" finished-at="2020-01-31T09:16:47Z">
          <reporter-output>
          </reporter-output>
        </test-method> <!-- endTest -->
        <test-method status="PASS" signature="startTest(java.lang.String, java.lang.String)[pri:0, instance:testCases.BroadbandMapTestCases@59fa1d9b]" name="startTest" is-config="true" duration-ms="11092" started-at="2020-01-31T09:16:47Z" finished-at="2020-01-31T09:16:58Z">
          <params>
            <param index="0">
              <value>
                <![CDATA[chrome]]>
              </value>
            </param>
            <param index="1">
              <value>
                <![CDATA[https://www.chorus.co.nz/broadband-map]]>
              </value>
            </param>
          </params>
          <reporter-output>
          </reporter-output>
        </test-method> <!-- startTest -->
        <test-method status="PASS" signature="TC001(java.lang.String, java.lang.String)[pri:0, instance:testCases.BroadbandMapTestCases@59fa1d9b]" name="TC001" duration-ms="10383" started-at="2020-01-31T09:16:58Z" data-provider="broadbandMapAddress" finished-at="2020-01-31T09:17:09Z">
          <params>
            <param index="0">
              <value>
                <![CDATA[4 Old Balfour Road]]>
              </value>
            </param>
            <param index="1">
              <value>
                <![CDATA[Network capability now
Broadband > 5 Mbps]]>
              </value>
            </param>
          </params>
          <reporter-output>
          </reporter-output>
        </test-method> <!-- TC001 -->
        <test-method status="PASS" signature="endTest()[pri:0, instance:testCases.BroadbandMapTestCases@59fa1d9b]" name="endTest" is-config="true" duration-ms="587" started-at="2020-01-31T09:17:09Z" finished-at="2020-01-31T09:17:09Z">
          <reporter-output>
          </reporter-output>
        </test-method> <!-- endTest -->
        <test-method status="PASS" signature="startTest(java.lang.String, java.lang.String)[pri:0, instance:testCases.BroadbandMapTestCases@59fa1d9b]" name="startTest" is-config="true" duration-ms="6047" started-at="2020-01-31T09:17:09Z" finished-at="2020-01-31T09:17:15Z">
          <params>
            <param index="0">
              <value>
                <![CDATA[chrome]]>
              </value>
            </param>
            <param index="1">
              <value>
                <![CDATA[https://www.chorus.co.nz/broadband-map]]>
              </value>
            </param>
          </params>
          <reporter-output>
          </reporter-output>
        </test-method> <!-- startTest -->
        <test-method status="PASS" signature="TC001(java.lang.String, java.lang.String)[pri:0, instance:testCases.BroadbandMapTestCases@59fa1d9b]" name="TC001" duration-ms="10348" started-at="2020-01-31T09:17:15Z" data-provider="broadbandMapAddress" finished-at="2020-01-31T09:17:26Z">
          <params>
            <param index="0">
              <value>
                <![CDATA[1 Wilmot Pass Road]]>
              </value>
            </param>
            <param index="1">
              <value>
                <![CDATA[Outside planned coverage area]]>
              </value>
            </param>
          </params>
          <reporter-output>
          </reporter-output>
        </test-method> <!-- TC001 -->
        <test-method status="PASS" signature="endTest()[pri:0, instance:testCases.BroadbandMapTestCases@59fa1d9b]" name="endTest" is-config="true" duration-ms="616" started-at="2020-01-31T09:17:26Z" finished-at="2020-01-31T09:17:26Z">
          <reporter-output>
          </reporter-output>
        </test-method> <!-- endTest -->
      </class> <!-- testCases.BroadbandMapTestCases -->
    </test> <!-- Test -->
  </suite> <!-- Suite -->
</testng-results>
